<?xml version="1.0" encoding="UTF-8"?>
<testng-results ignored="0" total="1" passed="1" failed="0" skipped="0">
  <reporter-output>
  </reporter-output>
  <suite started-at="2022-03-28T13:35:07 IST" name="Default suite" finished-at="2022-03-28T13:35:07 IST" duration-ms="76">
    <groups>
    </groups>
    <test started-at="2022-03-28T13:35:07 IST" name="Default test" finished-at="2022-03-28T13:35:07 IST" duration-ms="76">
      <class name="com.DhProjectPactice.CreateLeads">
        <test-method signature="createTest()[pri:0, instance:com.DhProjectPactice.CreateLeads@625732]" started-at="2022-03-28T13:35:07 IST" name="createTest" finished-at="2022-03-28T13:35:07 IST" duration-ms="12" status="PASS">
          <reporter-output>
          </reporter-output>
        </test-method> <!-- createTest -->
      </class> <!-- com.DhProjectPactice.CreateLeads -->
    </test> <!-- Default test -->
  </suite> <!-- Default suite -->
</testng-results>
